Determining if the pthread_create exist failed with the following output:
Change Dir: /home/pi/catkin_ws/build/CMakeFiles/CMakeTmp

Run Build Command:"/usr/bin/make" "cmTC_9388e/fast"
/usr/bin/make -f CMakeFiles/cmTC_9388e.dir/build.make CMakeFiles/cmTC_9388e.dir/build
make[1]: Entering directory '/home/pi/catkin_ws/build/CMakeFiles/CMakeTmp'
Building C object CMakeFiles/cmTC_9388e.dir/CheckSymbolExists.c.o
/usr/bin/cc     -o CMakeFiles/cmTC_9388e.dir/CheckSymbolExists.c.o   -c /home/pi/catkin_ws/build/CMakeFiles/CMakeTmp/CheckSymbolExists.c
Linking C executable cmTC_9388e
/usr/bin/cmake -E cmake_link_script CMakeFiles/cmTC_9388e.dir/link.txt --verbose=1
/usr/bin/cc       CMakeFiles/cmTC_9388e.dir/CheckSymbolExists.c.o  -o cmTC_9388e -rdynamic 
CMakeFiles/cmTC_9388e.dir/CheckSymbolExists.c.o: In function `main':
CheckSymbolExists.c:(.text+0xe): undefined reference to `pthread_create'
CheckSymbolExists.c:(.text+0x12): undefined reference to `pthread_create'
collect2: error: ld returned 1 exit status
CMakeFiles/cmTC_9388e.dir/build.make:97: recipe for target 'cmTC_9388e' failed
make[1]: *** [cmTC_9388e] Error 1
make[1]: Leaving directory '/home/pi/catkin_ws/build/CMakeFiles/CMakeTmp'
Makefile:126: recipe for target 'cmTC_9388e/fast' failed
make: *** [cmTC_9388e/fast] Error 2

File /home/pi/catkin_ws/build/CMakeFiles/CMakeTmp/CheckSymbolExists.c:
/* */
#include <pthread.h>

int main(int argc, char** argv)
{
  (void)argv;
#ifndef pthread_create
  return ((int*)(&pthread_create))[argc];
#else
  (void)argc;
  return 0;
#endif
}

Determining if the function pthread_create exists in the pthreads failed with the following output:
Change Dir: /home/pi/catkin_ws/build/CMakeFiles/CMakeTmp

Run Build Command:"/usr/bin/make" "cmTC_92d6e/fast"
/usr/bin/make -f CMakeFiles/cmTC_92d6e.dir/build.make CMakeFiles/cmTC_92d6e.dir/build
make[1]: Entering directory '/home/pi/catkin_ws/build/CMakeFiles/CMakeTmp'
Building C object CMakeFiles/cmTC_92d6e.dir/CheckFunctionExists.c.o
/usr/bin/cc    -DCHECK_FUNCTION_EXISTS=pthread_create   -o CMakeFiles/cmTC_92d6e.dir/CheckFunctionExists.c.o   -c /usr/share/cmake-3.5/Modules/CheckFunctionExists.c
Linking C executable cmTC_92d6e
/usr/bin/cmake -E cmake_link_script CMakeFiles/cmTC_92d6e.dir/link.txt --verbose=1
/usr/bin/cc   -DCHECK_FUNCTION_EXISTS=pthread_create    CMakeFiles/cmTC_92d6e.dir/CheckFunctionExists.c.o  -o cmTC_92d6e -rdynamic -lpthreads 
/usr/bin/ld: cannot find -lpthreads
collect2: error: ld returned 1 exit status
CMakeFiles/cmTC_92d6e.dir/build.make:97: recipe for target 'cmTC_92d6e' failed
make[1]: *** [cmTC_92d6e] Error 1
make[1]: Leaving directory '/home/pi/catkin_ws/build/CMakeFiles/CMakeTmp'
Makefile:126: recipe for target 'cmTC_92d6e/fast' failed
make: *** [cmTC_92d6e/fast] Error 2


